lerna(verbose) GitUtilities.isInitialized    ()
lerna(verbose) GitUtilities.isInitialized    () => true
lerna(verbose) GitUtilities.getTopLevelDirectory()
lerna(verbose) GitUtilities.getTopLevelDirectory() => "."
lerna(verbose) FileSystemUtilities.existsSync("./lerna.json")
lerna(verbose) FileSystemUtilities.existsSync("./lerna.json") => true
lerna(verbose) FileSystemUtilities.readFileSync("./lerna.json")
lerna(verbose) FileSystemUtilities.readFileSync("./lerna.json") => "{\n  \"lerna\": \"2.0.0-beta.37\",\n  \"packages\": [\n    \"packages/*\"\n  ],\n  \"version\": \"0.0.2\"\n}"
lerna(verbose) FileSystemUtilities.existsSync("./package.json")
lerna(verbose) FileSystemUtilities.existsSync("./package.json") => true
lerna(verbose) FileSystemUtilities.readFileSync("./package.json")
lerna(verbose) FileSystemUtilities.readFileSync("./package.json") => "{\n  \"devDependencies\": {\n    \"lerna\": \"2.0.0-beta.37\"\n  }\n}"
lerna(info)    Lerna v2.0.0-beta.37
lerna(verbose) FileSystemUtilities.existsSync("./package.json")
lerna(verbose) FileSystemUtilities.existsSync("./package.json") => true
lerna(verbose) FileSystemUtilities.existsSync("./lerna.json")
lerna(verbose) FileSystemUtilities.existsSync("./lerna.json") => true
lerna(verbose) FileSystemUtilities.existsSync("./VERSION")
lerna(verbose) FileSystemUtilities.existsSync("./VERSION") => false
lerna(verbose) FileSystemUtilities.existsSync("./packages/shared-components/package.json")
lerna(verbose) FileSystemUtilities.existsSync("./packages/shared-components/package.json") => true
lerna(verbose) FileSystemUtilities.existsSync("./packages/shared-utilities/package.json")
lerna(verbose) FileSystemUtilities.existsSync("./packages/shared-utilities/package.json") => true
lerna(verbose) Attempting running PublishCommand.initialize
lerna(info)    Current version: 0.0.2
lerna(info)    Checking for updated packages...
lerna(verbose) GitUtilities.hasTags          ()
lerna(verbose) GitUtilities.hasTags          () => true
lerna(verbose) GitUtilities.getLastTaggedCommit()
lerna(verbose) GitUtilities.getLastTaggedCommit() => "8edf42ede91988d60bac3447ef31a682c79d1d76"
lerna(verbose) GitUtilities.describeTag      ("8edf42ede91988d60bac3447ef31a682c79d1d76")
lerna(verbose) GitUtilities.describeTag      ("8edf42ede91988d60bac3447ef31a682c79d1d76") => "v0.0.2"
lerna(verbose) GitUtilities.diffSinceIn      ("v0.0.2", "./packages/shared-components")
lerna(verbose) GitUtilities.diffSinceIn      ("v0.0.2", "./packages/shared-components") => ""
lerna(verbose) GitUtilities.diffSinceIn      ("v0.0.2", "./packages/shared-utilities")
lerna(verbose) GitUtilities.diffSinceIn      ("v0.0.2", "./packages/shared-utilities") => ""
lerna(error)   Errored while running PublishCommand.initialize
    Error: No updated packages to publish.
        at PublishCommand.initialize (/Users/manueldicristo/.nvm/versions/node/v7.2.1/lib/node_modules/lerna/lib/commands/PublishCommand.js:98:18)
        at PublishCommand._attempt (/Users/manueldicristo/.nvm/versions/node/v7.2.1/lib/node_modules/lerna/lib/Command.js:201:21)
        at PublishCommand.runCommand (/Users/manueldicristo/.nvm/versions/node/v7.2.1/lib/node_modules/lerna/lib/Command.js:185:12)
        at PublishCommand.run (/Users/manueldicristo/.nvm/versions/node/v7.2.1/lib/node_modules/lerna/lib/Command.js:98:12)
        at Object.<anonymous> (/Users/manueldicristo/.nvm/versions/node/v7.2.1/lib/node_modules/lerna/bin/lerna.js:70:11)
        at Module._compile (module.js:571:32)
        at Object.Module._extensions..js (module.js:580:10)
        at Module.load (module.js:488:32)
        at tryModuleLoad (module.js:447:12)
        at Function.Module._load (module.js:439:3)
